2016-02-28 10:44:46,050 - flow - INFO - Initializing Executive...
2016-02-28 10:44:47,190 - flow - INFO - Loading data complete
2016-02-28 10:44:47,191 - flow - INFO - Scopes generated
2016-02-28 10:44:47,191 - flow - INFO - Running...
2016-02-28 10:44:47,191 - flow - INFO - Quotes fetched
2016-02-28 10:44:47,191 - flow - INFO - Trade 1
2016-02-28 10:44:47,191 - flow - INFO - <trader.Agent object at 0x107125e90> in <trader.Scope object at 0x107125e10> learning
2016-02-28 10:46:14,915 - flow - INFO - Initializing Executive...
2016-02-28 10:46:16,133 - flow - INFO - Loading data complete
2016-02-28 10:46:16,134 - flow - INFO - Scopes generated
2016-02-28 10:46:16,134 - flow - INFO - Running...
2016-02-28 10:46:16,134 - flow - INFO - Quotes fetched
2016-02-28 10:46:16,134 - flow - INFO - Trade 1
2016-02-28 10:46:16,135 - flow - INFO - <trader.Agent object at 0x1059b1e90> in <trader.Scope object at 0x1059b1e10> learning
2016-02-28 10:46:36,032 - flow - INFO - Initializing Executive...
2016-02-28 10:46:37,253 - flow - INFO - Loading data complete
2016-02-28 10:46:37,253 - flow - INFO - Scopes generated
2016-02-28 10:46:37,254 - flow - INFO - Running...
2016-02-28 10:46:37,254 - flow - INFO - Quotes fetched
2016-02-28 10:46:37,254 - flow - INFO - Trade 1
2016-02-28 10:46:37,254 - flow - INFO - <trader.Agent object at 0x109970e50> in <trader.Scope object at 0x109970dd0> learning
2016-02-28 10:47:26,355 - flow - INFO - Initializing Executive...
2016-02-28 10:47:27,530 - flow - INFO - Loading data complete
2016-02-28 10:47:27,530 - flow - INFO - Agent Learning.__init__
2016-02-28 10:47:27,530 - flow - INFO - Agent Learning.__init__
2016-02-28 10:47:27,530 - flow - INFO - Agent Learning.__init__
2016-02-28 10:47:27,531 - flow - INFO - Agent Learning.__init__
2016-02-28 10:47:27,531 - flow - INFO - Agent Learning.__init__
2016-02-28 10:47:27,531 - flow - INFO - Agent Learning.__init__
2016-02-28 10:47:27,531 - flow - INFO - Scopes generated
2016-02-28 10:47:27,531 - flow - INFO - Running...
2016-02-28 10:47:27,531 - flow - INFO - Quotes fetched
2016-02-28 10:47:27,531 - flow - INFO - Trade 1
2016-02-28 10:47:27,532 - flow - INFO - <trader.Agent object at 0x109153ed0> in <trader.Scope object at 0x109153e50> learning
2016-02-28 10:48:17,167 - flow - INFO - Initializing Executive...
2016-02-28 10:48:18,354 - flow - INFO - Loading data complete
2016-02-28 10:48:18,354 - flow - INFO - Scopes generated
2016-02-28 10:48:18,354 - flow - INFO - Running...
2016-02-28 10:48:18,354 - flow - INFO - Quotes fetched
2016-02-28 10:48:18,354 - flow - INFO - Trade 1
2016-02-28 10:48:18,355 - flow - INFO - <trader.Agent object at 0x1027e4e90> in <trader.Scope object at 0x1027e4e10> learning
2016-02-28 11:05:48,505 - flow - INFO - Initializing Executive...
2016-02-28 11:05:49,720 - flow - INFO - Loading data complete
2016-02-28 11:06:26,251 - flow - INFO - Initializing Executive...
2016-02-28 11:06:27,502 - flow - INFO - Loading data complete
2016-02-28 11:06:44,552 - flow - INFO - Initializing Executive...
2016-02-28 11:06:45,796 - flow - INFO - Loading data complete
2016-02-28 11:06:45,797 - flow - INFO - Scopes generated
2016-02-28 11:06:45,797 - flow - INFO - Running...
2016-02-28 11:06:45,797 - flow - INFO - Quotes fetched
2016-02-28 11:06:45,797 - flow - INFO - Trade 1
2016-02-28 11:06:45,797 - flow - INFO - <trader.Agent object at 0x105d7e0d0> in <trader.Scope object at 0x105d7e050> learning
2016-02-28 11:11:11,261 - flow - INFO - Initializing Executive...
2016-02-28 11:11:12,400 - flow - INFO - Loading data complete
2016-02-28 11:11:12,400 - flow - INFO - Scopes generated
2016-02-28 11:11:12,400 - flow - INFO - Running...
2016-02-28 11:11:12,400 - flow - INFO - Quotes fetched
2016-02-28 11:11:12,400 - flow - INFO - Trade 1
2016-02-28 11:11:12,401 - flow - INFO - <trader.Agent object at 0x10d3530d0> in <trader.Scope object at 0x10d353050> learning
2016-02-28 11:14:16,381 - flow - INFO - Initializing Executive...
2016-02-28 11:14:17,596 - flow - INFO - Loading data complete
2016-02-28 11:14:17,596 - flow - INFO - Scopes generated
2016-02-28 11:14:17,596 - flow - INFO - Running...
2016-02-28 11:14:17,596 - flow - INFO - Quotes fetched
2016-02-28 11:14:17,596 - flow - INFO - Trade 1
2016-02-28 11:14:17,597 - flow - INFO - <trader.Agent object at 0x100fd70d0> in <trader.Scope object at 0x100fd7050> learning
2016-02-28 11:25:02,443 - flow - INFO - Initializing Executive...
2016-02-28 11:25:03,615 - flow - INFO - Loading data complete
2016-02-28 11:25:03,615 - flow - INFO - Scopes generated
2016-02-28 11:25:03,615 - flow - INFO - Running...
2016-02-28 11:25:03,616 - flow - INFO - Quotes fetched
2016-02-28 11:25:03,616 - flow - INFO - Trade 1
2016-02-28 11:25:03,616 - flow - INFO - <trader.Agent object at 0x101689ed0> in <trader.Scope object at 0x101689e50> learning
2016-02-28 11:40:12,605 - flow - INFO - Initializing Executive...
2016-02-28 11:40:13,903 - flow - INFO - Loading data complete
2016-02-28 11:40:13,903 - flow - INFO - Scopes generated
2016-02-28 11:40:13,903 - flow - INFO - Running...
2016-02-28 11:40:13,903 - flow - INFO - Quotes fetched
2016-02-28 11:40:13,903 - flow - INFO - Trade 1
2016-02-28 11:40:13,904 - flow - INFO - <trader.Agent object at 0x10a3b3f50> in <trader.Scope object at 0x10a3b3ed0> learning
2016-02-28 11:40:25,275 - flow - INFO - Initializing Executive...
2016-02-28 11:40:26,485 - flow - INFO - Loading data complete
2016-02-28 11:40:26,485 - flow - INFO - Scopes generated
2016-02-28 11:40:26,486 - flow - INFO - Running...
2016-02-28 11:40:26,486 - flow - INFO - Quotes fetched
2016-02-28 11:40:26,486 - flow - INFO - Trade 1
2016-02-28 11:40:26,486 - flow - INFO - <trader.Agent object at 0x109342f90> in <trader.Scope object at 0x109342f10> learning
2016-02-28 11:42:07,796 - flow - INFO - Initializing Executive...
2016-02-28 11:42:08,962 - flow - INFO - Loading data complete
2016-02-28 11:42:08,962 - flow - INFO - Scopes generated
2016-02-28 11:42:08,962 - flow - INFO - Running...
2016-02-28 11:42:08,963 - flow - INFO - Quotes fetched
2016-02-28 11:42:08,963 - flow - INFO - Trade 1
2016-02-28 11:42:08,963 - flow - INFO - <trader.Agent object at 0x109f06f90> in <trader.Scope object at 0x109f06f10> learning
2016-02-28 11:42:40,461 - flow - INFO - Initializing Executive...
2016-02-28 11:42:41,651 - flow - INFO - Loading data complete
2016-02-28 11:42:41,651 - flow - INFO - Scopes generated
2016-02-28 11:42:41,651 - flow - INFO - Running...
2016-02-28 11:42:41,652 - flow - INFO - Quotes fetched
2016-02-28 11:42:41,652 - flow - INFO - Trade 1
2016-02-28 11:42:41,652 - flow - INFO - <trader.Agent object at 0x1019c7f90> in <trader.Scope object at 0x1019c7f50> learning
2016-02-28 12:28:52,986 - flow - INFO - Initializing Executive...
2016-02-28 12:28:54,152 - flow - INFO - Loading data complete
2016-02-28 12:28:54,153 - flow - INFO - Scopes generated
2016-02-28 12:28:54,153 - flow - INFO - Running...
2016-02-28 12:28:54,153 - flow - INFO - Quotes fetched
2016-02-28 12:28:54,153 - flow - INFO - Trade 1
2016-02-28 12:28:54,153 - flow - INFO - <trader.Agent object at 0x10de42fd0> in <trader.Scope object at 0x10de42f90> learning
2016-02-28 12:30:49,734 - flow - INFO - Initializing Executive...
2016-02-28 12:30:50,914 - flow - INFO - Loading data complete
2016-02-28 12:30:50,914 - flow - INFO - Scopes generated
2016-02-28 12:30:50,914 - flow - INFO - Running...
2016-02-28 12:30:50,914 - flow - INFO - Quotes fetched
2016-02-28 12:30:50,914 - flow - INFO - Trade 1
2016-02-28 12:30:50,915 - flow - INFO - <trader.Agent object at 0x103d11050> in <trader.Scope object at 0x103cfefd0> learning
2016-02-28 12:34:29,798 - flow - INFO - Initializing Executive...
2016-02-28 12:34:30,919 - flow - INFO - Loading data complete
2016-02-28 12:34:30,919 - flow - INFO - Scopes generated
2016-02-28 12:34:30,920 - flow - INFO - Running...
2016-02-28 12:34:30,920 - flow - INFO - Quotes fetched
2016-02-28 12:34:30,920 - flow - INFO - Trade 1
2016-02-28 12:34:30,920 - flow - INFO - <trader.Agent object at 0x10cf9efd0> in <trader.Scope object at 0x10cf9ef90> learning
2016-02-28 12:35:27,306 - flow - INFO - Initializing Executive...
2016-02-28 12:35:28,506 - flow - INFO - Loading data complete
2016-02-28 12:35:28,506 - flow - INFO - Scopes generated
2016-02-28 12:35:28,506 - flow - INFO - Running...
2016-02-28 12:35:28,506 - flow - INFO - Quotes fetched
2016-02-28 12:35:28,507 - flow - INFO - Trade 1
2016-02-28 12:35:28,507 - flow - INFO - <trader.Agent object at 0x10f97dfd0> in <trader.Scope object at 0x10f97df90> learning
2016-02-28 12:35:40,552 - flow - INFO - Initializing Executive...
2016-02-28 12:35:41,678 - flow - INFO - Loading data complete
2016-02-28 12:35:41,678 - flow - INFO - Scopes generated
2016-02-28 12:35:41,679 - flow - INFO - Running...
2016-02-28 12:35:41,679 - flow - INFO - Quotes fetched
2016-02-28 12:35:41,679 - flow - INFO - Trade 1
2016-02-28 12:35:41,679 - flow - INFO - <trader.Agent object at 0x10c72cfd0> in <trader.Scope object at 0x10c72cf90> learning
2016-02-28 12:36:04,355 - flow - INFO - Initializing Executive...
2016-02-28 12:36:05,489 - flow - INFO - Loading data complete
2016-02-28 12:36:05,490 - flow - INFO - Scopes generated
2016-02-28 12:36:05,490 - flow - INFO - Running...
2016-02-28 12:36:05,490 - flow - INFO - Quotes fetched
2016-02-28 12:36:05,490 - flow - INFO - Trade 1
2016-02-28 12:36:05,490 - flow - INFO - <trader.Agent object at 0x104ffcf90> in <trader.Scope object at 0x104ffcf50> learning
2016-02-28 12:41:16,145 - flow - INFO - Initializing Executive...
2016-02-28 12:41:17,268 - flow - INFO - Loading data complete
2016-02-28 12:41:17,268 - flow - INFO - Scopes generated
2016-02-28 12:41:17,268 - flow - INFO - Running...
2016-02-28 12:41:17,268 - flow - INFO - Quotes fetched
2016-02-28 12:41:17,268 - flow - INFO - Trade 1
2016-02-28 12:41:17,268 - flow - INFO - <trader.Agent object at 0x10b276f50> in <trader.Scope object at 0x10b276ed0> learning
2016-02-28 12:41:36,310 - flow - INFO - Initializing Executive...
2016-02-28 12:41:37,506 - flow - INFO - Loading data complete
2016-02-28 12:41:37,506 - flow - INFO - Scopes generated
2016-02-28 12:41:37,506 - flow - INFO - Running...
2016-02-28 12:41:37,506 - flow - INFO - Quotes fetched
2016-02-28 12:41:37,506 - flow - INFO - Trade 1
2016-02-28 12:41:37,507 - flow - INFO - <trader.Agent object at 0x103f58f50> in <trader.Scope object at 0x103f58ed0> learning
2016-02-28 12:44:38,419 - flow - INFO - Initializing Executive...
2016-02-28 12:44:39,580 - flow - INFO - Loading data complete
2016-02-28 12:44:39,581 - flow - INFO - Scopes generated
2016-02-28 12:44:39,581 - flow - INFO - Running...
2016-02-28 12:44:39,581 - flow - INFO - Quotes fetched
2016-02-28 12:44:39,581 - flow - INFO - Trade 1
2016-02-28 12:44:39,582 - flow - INFO - <trader.Agent object at 0x10fabbf50> in <trader.Scope object at 0x10fabbed0> learning
2016-02-28 12:44:39,582 - flow - INFO - buy opened by <trader.Agent object at 0x10fabbf50> in 1 learning.
2016-02-28 12:44:39,582 - flow - INFO - <trader.Agent object at 0x10fabbf10> in <trader.Scope object at 0x10fabbf90> learning
2016-02-28 12:44:39,582 - flow - INFO - buy opened by <trader.Agent object at 0x10fabbf10> in 100 learning.
2016-02-28 12:44:39,582 - flow - INFO - <trader.Agent object at 0x10fad0050> in <trader.Scope object at 0x10fabbfd0> learning
2016-02-28 12:44:39,582 - flow - INFO - buy opened by <trader.Agent object at 0x10fad0050> in 1000 learning.
2016-02-28 12:44:39,583 - flow - INFO - <trader.Agent object at 0x10fad00d0> in <trader.Scope object at 0x10fad0090> learning
2016-02-28 12:44:39,583 - flow - INFO - buy opened by <trader.Agent object at 0x10fad00d0> in 10 learning.
2016-02-28 12:44:39,583 - flow - INFO - <trader.Agent object at 0x10fad0150> in <trader.Scope object at 0x10fad0110> learning
2016-02-28 12:44:39,583 - flow - INFO - buy opened by <trader.Agent object at 0x10fad0150> in 50 learning.
2016-02-28 12:44:39,583 - flow - INFO - <trader.Agent object at 0x10fad01d0> in <trader.Scope object at 0x10fad0190> learning
2016-02-28 12:44:39,583 - flow - INFO - buy opened by <trader.Agent object at 0x10fad01d0> in 500 learning.
2016-02-28 12:44:39,583 - flow - INFO - Quotes fetched
2016-02-28 12:44:39,583 - flow - INFO - Trade 2
2016-02-28 12:44:39,584 - flow - INFO - <trader.Agent object at 0x10fabbf50> in <trader.Scope object at 0x10fabbed0> learning
2016-02-28 12:44:39,584 - flow - INFO - <trader.Agent object at 0x10fabbf10> in <trader.Scope object at 0x10fabbf90> learning
2016-02-28 12:44:39,584 - flow - INFO - <trader.Agent object at 0x10fad0050> in <trader.Scope object at 0x10fabbfd0> learning
2016-02-28 12:44:39,584 - flow - INFO - <trader.Agent object at 0x10fad00d0> in <trader.Scope object at 0x10fad0090> learning
2016-02-28 12:44:39,584 - flow - INFO - <trader.Agent object at 0x10fad0150> in <trader.Scope object at 0x10fad0110> learning
2016-02-28 12:44:39,584 - flow - INFO - <trader.Agent object at 0x10fad01d0> in <trader.Scope object at 0x10fad0190> learning
2016-02-28 12:44:39,584 - flow - INFO - Quotes fetched
2016-02-28 12:44:39,585 - flow - INFO - Trade 3
2016-02-28 12:44:39,585 - flow - INFO - <trader.Agent object at 0x10fabbf50> in <trader.Scope object at 0x10fabbed0> learning
2016-02-28 12:44:39,585 - flow - INFO - <trader.Agent object at 0x10fabbf10> in <trader.Scope object at 0x10fabbf90> learning
2016-02-28 12:44:39,585 - flow - INFO - <trader.Agent object at 0x10fad0050> in <trader.Scope object at 0x10fabbfd0> learning
2016-02-28 12:44:39,585 - flow - INFO - <trader.Agent object at 0x10fad00d0> in <trader.Scope object at 0x10fad0090> learning
2016-02-28 12:44:39,585 - flow - INFO - <trader.Agent object at 0x10fad0150> in <trader.Scope object at 0x10fad0110> learning
2016-02-28 12:44:39,585 - flow - INFO - <trader.Agent object at 0x10fad01d0> in <trader.Scope object at 0x10fad0190> learning
2016-02-28 12:44:39,586 - flow - INFO - Quotes fetched
2016-02-28 12:44:39,586 - flow - INFO - Trade 4
2016-02-28 12:44:39,586 - flow - INFO - <trader.Agent object at 0x10fabbf50> in <trader.Scope object at 0x10fabbed0> learning
2016-02-28 12:44:39,586 - flow - INFO - <trader.Agent object at 0x10fabbf10> in <trader.Scope object at 0x10fabbf90> learning
2016-02-28 12:44:39,586 - flow - INFO - <trader.Agent object at 0x10fad0050> in <trader.Scope object at 0x10fabbfd0> learning
2016-02-28 12:44:39,586 - flow - INFO - <trader.Agent object at 0x10fad00d0> in <trader.Scope object at 0x10fad0090> learning
2016-02-28 12:44:39,586 - flow - INFO - <trader.Agent object at 0x10fad0150> in <trader.Scope object at 0x10fad0110> learning
2016-02-28 12:44:39,587 - flow - INFO - <trader.Agent object at 0x10fad01d0> in <trader.Scope object at 0x10fad0190> learning
2016-02-28 12:46:44,362 - flow - INFO - Initializing Executive...
2016-02-28 12:46:45,565 - flow - INFO - Loading data complete
2016-02-28 12:46:45,566 - flow - INFO - Scopes generated
2016-02-28 12:46:45,566 - flow - INFO - Running...
2016-02-28 12:46:45,566 - flow - INFO - Quotes fetched
2016-02-28 12:46:45,566 - flow - INFO - Trade 1
2016-02-28 12:46:45,566 - flow - INFO - <trader.Agent object at 0x110284f90> in <trader.Scope object at 0x110284f10> learning
2016-02-28 12:46:45,567 - flow - INFO - buy opened by <trader.Agent object at 0x110284f90> in 1.
2016-02-28 12:46:45,567 - flow - INFO - <trader.Agent object at 0x110284f50> in <trader.Scope object at 0x110284fd0> learning
2016-02-28 12:46:45,567 - flow - INFO - buy opened by <trader.Agent object at 0x110284f50> in 100.
2016-02-28 12:46:45,567 - flow - INFO - <trader.Agent object at 0x110299090> in <trader.Scope object at 0x110299050> learning
2016-02-28 12:46:45,567 - flow - INFO - buy opened by <trader.Agent object at 0x110299090> in 1000.
2016-02-28 12:46:45,567 - flow - INFO - <trader.Agent object at 0x110299110> in <trader.Scope object at 0x1102990d0> learning
2016-02-28 12:46:45,568 - flow - INFO - buy opened by <trader.Agent object at 0x110299110> in 10.
2016-02-28 12:46:45,568 - flow - INFO - <trader.Agent object at 0x110299190> in <trader.Scope object at 0x110299150> learning
2016-02-28 12:46:45,568 - flow - INFO - buy opened by <trader.Agent object at 0x110299190> in 50.
2016-02-28 12:46:45,568 - flow - INFO - <trader.Agent object at 0x110299210> in <trader.Scope object at 0x1102991d0> learning
2016-02-28 12:46:45,568 - flow - INFO - buy opened by <trader.Agent object at 0x110299210> in 500.
2016-02-28 12:46:45,568 - flow - INFO - Quotes fetched
2016-02-28 12:46:45,568 - flow - INFO - Trade 2
2016-02-28 12:46:45,569 - flow - INFO - <trader.Agent object at 0x110284f90> in <trader.Scope object at 0x110284f10> learning
2016-02-28 12:46:45,569 - flow - INFO - <trader.Agent object at 0x110284f50> in <trader.Scope object at 0x110284fd0> learning
2016-02-28 12:46:45,569 - flow - INFO - <trader.Agent object at 0x110299090> in <trader.Scope object at 0x110299050> learning
2016-02-28 12:46:45,569 - flow - INFO - <trader.Agent object at 0x110299110> in <trader.Scope object at 0x1102990d0> learning
2016-02-28 12:46:45,569 - flow - INFO - <trader.Agent object at 0x110299190> in <trader.Scope object at 0x110299150> learning
2016-02-28 12:46:45,569 - flow - INFO - <trader.Agent object at 0x110299210> in <trader.Scope object at 0x1102991d0> learning
2016-02-28 12:46:45,570 - flow - INFO - Quotes fetched
2016-02-28 12:46:45,570 - flow - INFO - Trade 3
2016-02-28 12:46:45,570 - flow - INFO - <trader.Agent object at 0x110284f90> in <trader.Scope object at 0x110284f10> learning
2016-02-28 12:46:45,570 - flow - INFO - <trader.Agent object at 0x110284f50> in <trader.Scope object at 0x110284fd0> learning
2016-02-28 12:46:45,570 - flow - INFO - <trader.Agent object at 0x110299090> in <trader.Scope object at 0x110299050> learning
2016-02-28 12:46:45,570 - flow - INFO - <trader.Agent object at 0x110299110> in <trader.Scope object at 0x1102990d0> learning
2016-02-28 12:46:45,571 - flow - INFO - <trader.Agent object at 0x110299190> in <trader.Scope object at 0x110299150> learning
2016-02-28 12:46:45,571 - flow - INFO - <trader.Agent object at 0x110299210> in <trader.Scope object at 0x1102991d0> learning
2016-02-28 12:46:45,571 - flow - INFO - Quotes fetched
2016-02-28 12:46:45,571 - flow - INFO - Trade 4
2016-02-28 12:46:45,571 - flow - INFO - <trader.Agent object at 0x110284f90> in <trader.Scope object at 0x110284f10> learning
2016-02-28 12:46:45,572 - flow - INFO - <trader.Agent object at 0x110284f50> in <trader.Scope object at 0x110284fd0> learning
2016-02-28 12:46:45,572 - flow - INFO - <trader.Agent object at 0x110299090> in <trader.Scope object at 0x110299050> learning
2016-02-28 12:46:45,572 - flow - INFO - <trader.Agent object at 0x110299110> in <trader.Scope object at 0x1102990d0> learning
2016-02-28 12:46:45,572 - flow - INFO - <trader.Agent object at 0x110299190> in <trader.Scope object at 0x110299150> learning
2016-02-28 12:46:45,572 - flow - INFO - <trader.Agent object at 0x110299210> in <trader.Scope object at 0x1102991d0> learning
2016-02-28 12:53:21,655 - flow - INFO - Initializing Executive...
2016-02-28 12:53:22,852 - flow - INFO - Loading data complete
2016-02-28 12:53:22,852 - flow - INFO - Scopes generated
2016-02-28 12:53:22,852 - flow - INFO - Running...
2016-02-28 12:53:22,852 - flow - INFO - Quotes fetched
2016-02-28 12:53:22,853 - flow - INFO - Trade 1
2016-02-28 12:53:22,853 - flow - INFO - <trader.Agent object at 0x10b349450> in <trader.Scope object at 0x10b3493d0> learning
2016-02-28 12:54:03,551 - flow - INFO - Initializing Executive...
2016-02-28 12:54:04,749 - flow - INFO - Loading data complete
2016-02-28 12:54:04,749 - flow - INFO - Scopes generated
2016-02-28 12:54:04,750 - flow - INFO - Running...
2016-02-28 12:54:04,750 - flow - INFO - Quotes fetched
2016-02-28 12:54:04,750 - flow - INFO - Trade 1
2016-02-28 12:54:04,750 - flow - INFO - <trader.Agent object at 0x1019b5450> in <trader.Scope object at 0x1019b53d0> learning
2016-02-28 12:54:43,022 - flow - INFO - Initializing Executive...
2016-02-28 12:54:44,232 - flow - INFO - Loading data complete
2016-02-28 12:54:44,232 - flow - INFO - Scopes generated
2016-02-28 12:54:44,232 - flow - INFO - Running...
2016-02-28 12:54:44,232 - flow - INFO - Quotes fetched
2016-02-28 12:54:44,232 - flow - INFO - Trade 1
2016-02-28 12:54:44,233 - flow - INFO - <trader.Agent object at 0x106b5e410> in <trader.Scope object at 0x106b5e390> learning
2016-02-28 12:57:53,575 - flow - INFO - Initializing Executive...
2016-02-28 12:57:54,793 - flow - INFO - Loading data complete
2016-02-28 12:57:54,793 - flow - INFO - Scopes generated
2016-02-28 12:57:54,793 - flow - INFO - Running...
2016-02-28 12:57:54,794 - flow - INFO - Quotes fetched
2016-02-28 12:57:54,794 - flow - INFO - Trade 1
2016-02-28 12:57:54,794 - flow - INFO - <trader.Agent object at 0x10c461410> in <trader.Scope object at 0x10c461390> learning
2016-02-28 12:58:09,071 - flow - INFO - Initializing Executive...
2016-02-28 12:58:10,236 - flow - INFO - Loading data complete
2016-02-28 12:58:10,236 - flow - INFO - Scopes generated
2016-02-28 12:58:10,236 - flow - INFO - Running...
2016-02-28 12:58:10,236 - flow - INFO - Quotes fetched
2016-02-28 12:58:10,236 - flow - INFO - Trade 1
2016-02-28 12:58:10,236 - flow - INFO - <trader.Agent object at 0x102a4d410> in <trader.Scope object at 0x102a4d390> learning
2016-02-28 12:58:19,061 - flow - INFO - Initializing Executive...
2016-02-28 12:58:20,236 - flow - INFO - Loading data complete
2016-02-28 12:58:20,236 - flow - INFO - Scopes generated
2016-02-28 12:58:20,237 - flow - INFO - Running...
2016-02-28 12:58:20,237 - flow - INFO - Quotes fetched
2016-02-28 12:58:20,237 - flow - INFO - Trade 1
2016-02-28 12:58:20,237 - flow - INFO - <trader.Agent object at 0x104097410> in <trader.Scope object at 0x104097390> learning
2016-02-28 12:58:51,560 - flow - INFO - Initializing Executive...
2016-02-28 12:58:52,786 - flow - INFO - Loading data complete
2016-02-28 12:58:52,786 - flow - INFO - Scopes generated
2016-02-28 12:58:52,786 - flow - INFO - Running...
2016-02-28 12:58:52,786 - flow - INFO - Quotes fetched
2016-02-28 12:58:52,786 - flow - INFO - Trade 1
2016-02-28 12:58:52,786 - flow - INFO - <trader.Agent object at 0x10d6fd410> in <trader.Scope object at 0x10d6fd390> learning
2016-02-28 12:59:02,756 - flow - INFO - Initializing Executive...
2016-02-28 12:59:03,928 - flow - INFO - Loading data complete
2016-02-28 12:59:03,928 - flow - INFO - Scopes generated
2016-02-28 12:59:03,928 - flow - INFO - Running...
2016-02-28 12:59:03,928 - flow - INFO - Quotes fetched
2016-02-28 12:59:03,928 - flow - INFO - Trade 1
2016-02-28 12:59:03,929 - flow - INFO - <trader.Agent object at 0x10fc25410> in <trader.Scope object at 0x10fc25390> learning
2016-02-28 12:59:38,848 - flow - INFO - Initializing Executive...
2016-02-28 12:59:40,038 - flow - INFO - Loading data complete
2016-02-28 12:59:40,038 - flow - INFO - Scopes generated
2016-02-28 12:59:40,039 - flow - INFO - Running...
2016-02-28 12:59:40,039 - flow - INFO - Quotes fetched
2016-02-28 12:59:40,039 - flow - INFO - Trade 1
2016-02-28 12:59:40,039 - flow - INFO - <trader.Agent object at 0x10b065410> in <trader.Scope object at 0x10b065390> learning
2016-02-28 13:01:34,615 - flow - INFO - Initializing Executive...
2016-02-28 13:01:35,827 - flow - INFO - Loading data complete
2016-02-28 13:01:35,828 - flow - INFO - Scopes generated
2016-02-28 13:01:35,828 - flow - INFO - Running...
2016-02-28 13:01:35,828 - flow - INFO - Quotes fetched
2016-02-28 13:01:35,828 - flow - INFO - Trade 1
2016-02-28 13:01:35,828 - flow - INFO - <trader.Agent object at 0x1040d43d0> in <trader.Scope object at 0x1040d4350> learning
2016-02-28 13:01:48,705 - flow - INFO - Initializing Executive...
2016-02-28 13:01:49,881 - flow - INFO - Loading data complete
2016-02-28 13:01:49,881 - flow - INFO - Scopes generated
2016-02-28 13:01:49,881 - flow - INFO - Running...
2016-02-28 13:01:49,882 - flow - INFO - Quotes fetched
2016-02-28 13:01:49,882 - flow - INFO - Trade 1
2016-02-28 13:01:49,882 - flow - INFO - <trader.Agent object at 0x1058be3d0> in <trader.Scope object at 0x1058be350> learning
2016-02-28 13:02:13,758 - flow - INFO - Initializing Executive...
2016-02-28 13:02:14,950 - flow - INFO - Loading data complete
2016-02-28 13:02:14,950 - flow - INFO - Scopes generated
2016-02-28 13:02:14,951 - flow - INFO - Running...
2016-02-28 13:02:14,951 - flow - INFO - Quotes fetched
2016-02-28 13:02:14,951 - flow - INFO - Trade 1
2016-02-28 13:02:14,951 - flow - INFO - <trader.Agent object at 0x1019423d0> in <trader.Scope object at 0x101942350> learning
2016-02-28 13:14:15,298 - flow - INFO - Initializing Executive...
2016-02-28 13:14:16,519 - flow - INFO - Loading data complete
2016-02-28 13:14:16,519 - flow - INFO - Scopes generated
2016-02-28 13:14:16,520 - flow - INFO - Running...
2016-02-28 13:14:16,520 - flow - INFO - Quotes fetched
2016-02-28 13:14:16,520 - flow - INFO - Trade 1
2016-02-28 13:14:16,520 - flow - INFO - <trader.Agent object at 0x10c2d0f10> in <trader.Scope object at 0x10c2d0e90> learning
2016-02-28 13:15:01,533 - flow - INFO - Initializing Executive...
2016-02-28 13:15:02,781 - flow - INFO - Loading data complete
2016-02-28 13:15:02,782 - flow - INFO - Scopes generated
2016-02-28 13:15:02,782 - flow - INFO - Running...
2016-02-28 13:15:02,783 - flow - INFO - Quotes fetched
2016-02-28 13:15:02,783 - flow - INFO - Trade 1
2016-02-28 13:15:02,783 - flow - INFO - <trader.Agent object at 0x1058abf50> in <trader.Scope object at 0x1058abed0> learning
2016-02-28 13:15:02,801 - flow - INFO - buy opened by <trader.Agent object at 0x1058abf50> in 1.
2016-02-28 13:15:02,802 - flow - INFO - <trader.Agent object at 0x1058abf10> in <trader.Scope object at 0x1058abf90> learning
2016-02-28 13:15:02,802 - flow - INFO - buy opened by <trader.Agent object at 0x1058abf10> in 100.
2016-02-28 13:15:02,802 - flow - INFO - <trader.Agent object at 0x1058c0050> in <trader.Scope object at 0x1058abfd0> learning
2016-02-28 13:15:02,803 - flow - INFO - buy opened by <trader.Agent object at 0x1058c0050> in 1000.
2016-02-28 13:15:02,803 - flow - INFO - <trader.Agent object at 0x1058c00d0> in <trader.Scope object at 0x1058c0090> learning
2016-02-28 13:15:02,803 - flow - INFO - buy opened by <trader.Agent object at 0x1058c00d0> in 10.
2016-02-28 13:15:02,803 - flow - INFO - <trader.Agent object at 0x1058c0150> in <trader.Scope object at 0x1058c0110> learning
2016-02-28 13:15:02,804 - flow - INFO - buy opened by <trader.Agent object at 0x1058c0150> in 50.
2016-02-28 13:15:02,804 - flow - INFO - <trader.Agent object at 0x1058c01d0> in <trader.Scope object at 0x1058c0190> learning
2016-02-28 13:15:02,804 - flow - INFO - buy opened by <trader.Agent object at 0x1058c01d0> in 500.
2016-02-28 13:15:02,804 - flow - INFO - Quotes fetched
2016-02-28 13:15:02,804 - flow - INFO - Trade 2
2016-02-28 13:15:02,804 - flow - INFO - <trader.Agent object at 0x1058abf50> in <trader.Scope object at 0x1058abed0> learning
2016-02-28 13:16:01,591 - flow - INFO - Initializing Executive...
2016-02-28 13:16:02,770 - flow - INFO - Loading data complete
2016-02-28 13:16:02,770 - flow - INFO - Scopes generated
2016-02-28 13:16:02,770 - flow - INFO - Running...
2016-02-28 13:16:02,771 - flow - INFO - Quotes fetched
2016-02-28 13:16:02,771 - flow - INFO - Trade 1
2016-02-28 13:16:02,771 - flow - INFO - <trader.Agent object at 0x10eff4f50> in <trader.Scope object at 0x10eff4ed0> learning
2016-02-28 13:16:02,785 - flow - INFO - buy opened by <trader.Agent object at 0x10eff4f50> in 1.
2016-02-28 13:16:02,785 - flow - INFO - <trader.Agent object at 0x10eff4f10> in <trader.Scope object at 0x10eff4f90> learning
2016-02-28 13:16:02,785 - flow - INFO - buy opened by <trader.Agent object at 0x10eff4f10> in 100.
2016-02-28 13:16:02,786 - flow - INFO - <trader.Agent object at 0x10f008050> in <trader.Scope object at 0x10eff4fd0> learning
2016-02-28 13:16:02,786 - flow - INFO - buy opened by <trader.Agent object at 0x10f008050> in 1000.
2016-02-28 13:16:02,786 - flow - INFO - <trader.Agent object at 0x10f0080d0> in <trader.Scope object at 0x10f008090> learning
2016-02-28 13:16:02,786 - flow - INFO - buy opened by <trader.Agent object at 0x10f0080d0> in 10.
2016-02-28 13:16:02,787 - flow - INFO - <trader.Agent object at 0x10f008150> in <trader.Scope object at 0x10f008110> learning
2016-02-28 13:16:02,787 - flow - INFO - buy opened by <trader.Agent object at 0x10f008150> in 50.
2016-02-28 13:16:02,787 - flow - INFO - <trader.Agent object at 0x10f0081d0> in <trader.Scope object at 0x10f008190> learning
2016-02-28 13:16:02,787 - flow - INFO - buy opened by <trader.Agent object at 0x10f0081d0> in 500.
2016-02-28 13:16:02,787 - flow - INFO - Quotes fetched
2016-02-28 13:16:02,788 - flow - INFO - Trade 2
2016-02-28 13:16:02,788 - flow - INFO - <trader.Agent object at 0x10eff4f50> in <trader.Scope object at 0x10eff4ed0> learning
2016-02-28 13:16:39,802 - flow - INFO - Initializing Executive...
2016-02-28 13:16:41,045 - flow - INFO - Loading data complete
2016-02-28 13:16:41,046 - flow - INFO - Scopes generated
2016-02-28 13:16:41,046 - flow - INFO - Running...
2016-02-28 13:16:41,046 - flow - INFO - Quotes fetched
2016-02-28 13:16:41,046 - flow - INFO - Trade 1
2016-02-28 13:16:41,046 - flow - INFO - <trader.Agent object at 0x106bb3f50> in <trader.Scope object at 0x106bb3ed0> learning
2016-02-28 13:16:46,582 - flow - INFO - Initializing Executive...
2016-02-28 13:16:47,754 - flow - INFO - Loading data complete
2016-02-28 13:16:47,754 - flow - INFO - Scopes generated
2016-02-28 13:16:47,754 - flow - INFO - Running...
2016-02-28 13:16:47,755 - flow - INFO - Quotes fetched
2016-02-28 13:16:47,755 - flow - INFO - Trade 1
2016-02-28 13:16:47,755 - flow - INFO - <trader.Agent object at 0x1082a4f50> in <trader.Scope object at 0x1082a4ed0> learning
2016-02-28 13:16:47,772 - flow - INFO - buy opened by <trader.Agent object at 0x1082a4f50> in 1.
2016-02-28 13:16:47,772 - flow - INFO - <trader.Agent object at 0x1082a4f10> in <trader.Scope object at 0x1082a4f90> learning
2016-02-28 13:16:47,773 - flow - INFO - buy opened by <trader.Agent object at 0x1082a4f10> in 100.
2016-02-28 13:16:47,773 - flow - INFO - <trader.Agent object at 0x1082b8050> in <trader.Scope object at 0x1082a4fd0> learning
2016-02-28 13:16:47,773 - flow - INFO - buy opened by <trader.Agent object at 0x1082b8050> in 1000.
2016-02-28 13:16:47,773 - flow - INFO - <trader.Agent object at 0x1082b80d0> in <trader.Scope object at 0x1082b8090> learning
2016-02-28 13:16:47,774 - flow - INFO - buy opened by <trader.Agent object at 0x1082b80d0> in 10.
2016-02-28 13:16:47,774 - flow - INFO - <trader.Agent object at 0x1082b8150> in <trader.Scope object at 0x1082b8110> learning
2016-02-28 13:16:47,774 - flow - INFO - buy opened by <trader.Agent object at 0x1082b8150> in 50.
2016-02-28 13:16:47,774 - flow - INFO - <trader.Agent object at 0x1082b81d0> in <trader.Scope object at 0x1082b8190> learning
2016-02-28 13:16:47,775 - flow - INFO - buy opened by <trader.Agent object at 0x1082b81d0> in 500.
2016-02-28 13:16:47,775 - flow - INFO - Quotes fetched
2016-02-28 13:16:47,775 - flow - INFO - Trade 2
2016-02-28 13:16:47,775 - flow - INFO - <trader.Agent object at 0x1082a4f50> in <trader.Scope object at 0x1082a4ed0> learning
2016-02-28 13:22:06,219 - flow - INFO - Initializing Executive...
2016-02-28 13:22:07,385 - flow - INFO - Loading data complete
2016-02-28 13:22:07,385 - flow - INFO - Scopes generated
2016-02-28 13:22:07,386 - flow - INFO - Running...
2016-02-28 13:22:07,386 - flow - INFO - Quotes fetched
2016-02-28 13:22:07,386 - flow - INFO - Trade 1
2016-02-28 13:22:07,386 - flow - INFO - <trader.Agent object at 0x104934f10> in <trader.Scope object at 0x104934e90> learning
2016-02-28 13:22:21,361 - flow - INFO - Initializing Executive...
2016-02-28 13:22:22,639 - flow - INFO - Loading data complete
2016-02-28 13:22:22,639 - flow - INFO - Scopes generated
2016-02-28 13:22:22,639 - flow - INFO - Running...
2016-02-28 13:22:22,639 - flow - INFO - Quotes fetched
2016-02-28 13:22:22,640 - flow - INFO - Trade 1
2016-02-28 13:22:22,640 - flow - INFO - <trader.Agent object at 0x1058eaf50> in <trader.Scope object at 0x1058eaed0> learning
2016-02-28 13:23:48,673 - flow - INFO - Initializing Executive...
2016-02-28 13:23:49,879 - flow - INFO - Loading data complete
2016-02-28 13:23:49,879 - flow - INFO - Scopes generated
2016-02-28 13:23:49,879 - flow - INFO - Running...
2016-02-28 13:23:49,879 - flow - INFO - Quotes fetched
2016-02-28 13:23:49,879 - flow - INFO - Trade 1
2016-02-28 13:23:49,880 - flow - INFO - <trader.Agent object at 0x106a8df90> in <trader.Scope object at 0x106a8df10> learning
2016-02-28 13:23:55,630 - flow - INFO - Initializing Executive...
2016-02-28 13:23:56,832 - flow - INFO - Loading data complete
2016-02-28 13:23:56,832 - flow - INFO - Scopes generated
2016-02-28 13:23:56,833 - flow - INFO - Running...
2016-02-28 13:23:56,833 - flow - INFO - Quotes fetched
2016-02-28 13:23:56,833 - flow - INFO - Trade 1
2016-02-28 13:23:56,833 - flow - INFO - <trader.Agent object at 0x10100df90> in <trader.Scope object at 0x10100df10> learning
2016-02-28 13:25:50,785 - flow - INFO - Initializing Executive...
2016-02-28 13:25:52,018 - flow - INFO - Loading data complete
2016-02-28 13:25:52,019 - flow - INFO - Scopes generated
2016-02-28 13:25:52,019 - flow - INFO - Running...
2016-02-28 13:25:52,019 - flow - INFO - Quotes fetched
2016-02-28 13:25:52,019 - flow - INFO - Trade 1
2016-02-28 13:25:52,019 - flow - INFO - <trader.Agent object at 0x109f8af90> in <trader.Scope object at 0x109f8af10> learning
2016-02-28 13:26:36,361 - flow - INFO - Initializing Executive...
2016-02-28 13:26:37,563 - flow - INFO - Loading data complete
2016-02-28 13:26:37,564 - flow - INFO - Scopes generated
2016-02-28 13:26:37,564 - flow - INFO - Running...
2016-02-28 13:26:37,564 - flow - INFO - Quotes fetched
2016-02-28 13:26:37,565 - flow - INFO - Trade 1
2016-02-28 13:26:37,565 - flow - INFO - <trader.Agent object at 0x10826ff90> in <trader.Scope object at 0x10826ff10> learning
2016-02-28 13:32:06,731 - flow - INFO - Initializing Executive...
2016-02-28 13:32:07,935 - flow - INFO - Loading data complete
2016-02-28 13:32:07,936 - flow - INFO - Scopes generated
2016-02-28 13:32:07,936 - flow - INFO - Running...
2016-02-28 13:32:07,936 - flow - INFO - Quotes fetched
2016-02-28 13:32:07,936 - flow - INFO - Trade 1
2016-02-28 13:32:07,936 - flow - INFO - <trader.Agent object at 0x100956f90> in <trader.Scope object at 0x100956f10> learning
2016-02-28 13:32:45,147 - flow - INFO - Initializing Executive...
2016-02-28 13:32:46,311 - flow - INFO - Loading data complete
2016-02-28 13:32:46,311 - flow - INFO - Scopes generated
2016-02-28 13:32:46,312 - flow - INFO - Running...
2016-02-28 13:32:46,312 - flow - INFO - Quotes fetched
2016-02-28 13:32:46,312 - flow - INFO - Trade 1
2016-02-28 13:32:46,312 - flow - INFO - <trader.Agent object at 0x10e2e8f50> in <trader.Scope object at 0x10e2e8ed0> learning
2016-02-28 13:34:56,516 - flow - INFO - Initializing Executive...
2016-02-28 13:34:57,708 - flow - INFO - Loading data complete
2016-02-28 13:34:57,708 - flow - INFO - Scopes generated
2016-02-28 13:34:57,709 - flow - INFO - Running...
2016-02-28 13:34:57,709 - flow - INFO - Quotes fetched
2016-02-28 13:34:57,709 - flow - INFO - Trade 1
2016-02-28 13:34:57,709 - flow - INFO - <trader.Agent object at 0x10ac22f10> in <trader.Scope object at 0x10ac22e90> learning
2016-02-28 13:36:15,632 - flow - INFO - Initializing Executive...
2016-02-28 13:36:16,827 - flow - INFO - Loading data complete
2016-02-28 13:36:16,828 - flow - INFO - Scopes generated
2016-02-28 13:36:16,828 - flow - INFO - Running...
2016-02-28 13:36:16,828 - flow - INFO - Quotes fetched
2016-02-28 13:36:16,828 - flow - INFO - Trade 1
2016-02-28 13:36:16,828 - flow - INFO - <trader.Agent object at 0x10e8b4f90> in <trader.Scope object at 0x10e8b4f10> learning
2016-02-28 14:13:52,361 - flow - INFO - Initializing Executive...
2016-02-28 14:13:53,572 - flow - INFO - Loading data complete
2016-02-28 14:13:53,572 - flow - INFO - Scopes generated
2016-02-28 14:13:53,573 - flow - INFO - Running...
2016-02-28 14:13:53,573 - flow - INFO - Quotes fetched
2016-02-28 14:13:53,573 - flow - INFO - Trade 1
2016-02-28 14:13:53,574 - flow - INFO - <trader.Agent object at 0x109822310> in <trader.Scope object at 0x109822290> learning
2016-02-28 14:22:14,808 - flow - INFO - Initializing Executive...
2016-02-28 14:22:16,021 - flow - INFO - Loading data complete
2016-02-28 14:22:23,868 - flow - INFO - Initializing Executive...
2016-02-28 14:22:25,037 - flow - INFO - Loading data complete
2016-02-28 14:22:25,038 - flow - INFO - Scopes generated
2016-02-28 14:22:25,038 - flow - INFO - Running...
2016-02-28 14:22:25,038 - flow - INFO - Quotes fetched
2016-02-28 14:22:25,038 - flow - INFO - Trade 1
2016-02-28 14:22:25,038 - flow - INFO - <trader.Agent object at 0x10e539310> in <trader.Scope object at 0x10e539290> learning
2016-02-28 14:43:50,911 - flow - INFO - Initializing Executive...
2016-02-28 14:43:52,070 - flow - INFO - Loading data complete
2016-02-28 14:53:44,598 - flow - INFO - Initializing Executive...
2016-02-28 14:53:45,819 - flow - INFO - Loading data complete
2016-02-28 14:56:12,837 - flow - INFO - Initializing Executive...
2016-02-28 14:56:14,060 - flow - INFO - Loading data complete
2016-02-28 14:56:34,438 - flow - INFO - Initializing Executive...
2016-02-28 14:56:35,648 - flow - INFO - Loading data complete
2016-02-28 14:59:13,490 - flow - INFO - Initializing Executive...
2016-02-28 14:59:14,685 - flow - INFO - Loading data complete
2016-02-28 15:00:07,634 - flow - INFO - Initializing Executive...
2016-02-28 15:00:08,843 - flow - INFO - Loading data complete
2016-02-28 15:00:51,928 - flow - INFO - Initializing Executive...
2016-02-28 15:00:53,129 - flow - INFO - Loading data complete
2016-02-28 15:01:20,514 - flow - INFO - Initializing Executive...
2016-02-28 15:01:21,668 - flow - INFO - Loading data complete
2016-02-28 15:03:55,744 - flow - INFO - Initializing Executive...
2016-02-28 15:03:56,980 - flow - INFO - Loading data complete
2016-02-28 15:05:15,139 - flow - INFO - Initializing Executive...
2016-02-28 15:05:16,294 - flow - INFO - Loading data complete
2016-02-28 15:05:16,294 - flow - INFO - Scopes generated
2016-02-28 15:05:16,294 - flow - INFO - Running...
2016-02-28 15:05:16,294 - flow - INFO - Quotes fetched
2016-02-28 15:05:16,295 - flow - INFO - Trade 1
2016-02-28 15:05:16,295 - flow - INFO - <trader.Agent object at 0x103e52350> in <trader.Scope object at 0x103e522d0> learning
2016-02-28 15:06:34,224 - flow - INFO - Initializing Executive...
2016-02-28 15:06:35,452 - flow - INFO - Loading data complete
2016-02-28 15:06:35,452 - flow - INFO - Scopes generated
2016-02-28 15:06:35,452 - flow - INFO - Running...
2016-02-28 15:06:35,452 - flow - INFO - Quotes fetched
2016-02-28 15:06:35,453 - flow - INFO - Trade 1
2016-02-28 15:06:35,453 - flow - INFO - <trader.Agent object at 0x10d4d02d0> in <trader.Scope object at 0x10d4d0250> learning
2016-02-28 15:06:35,453 - flow - INFO - sell opened by <trader.Agent object at 0x10d4d02d0> in 1.
2016-02-28 15:06:35,453 - flow - INFO - <trader.Agent object at 0x10d4d0290> in <trader.Scope object at 0x10d4d0310> learning
2016-02-28 15:06:35,453 - flow - INFO - sell opened by <trader.Agent object at 0x10d4d0290> in 100.
2016-02-28 15:06:35,454 - flow - INFO - <trader.Agent object at 0x10d4d0390> in <trader.Scope object at 0x10d4d0350> learning
2016-02-28 15:06:35,454 - flow - INFO - sell opened by <trader.Agent object at 0x10d4d0390> in 1000.
2016-02-28 15:06:35,454 - flow - INFO - <trader.Agent object at 0x10d4d0410> in <trader.Scope object at 0x10d4d03d0> learning
2016-02-28 15:06:35,454 - flow - INFO - sell opened by <trader.Agent object at 0x10d4d0410> in 10.
2016-02-28 15:06:35,454 - flow - INFO - <trader.Agent object at 0x10d4d0490> in <trader.Scope object at 0x10d4d0450> learning
2016-02-28 15:06:35,455 - flow - INFO - sell opened by <trader.Agent object at 0x10d4d0490> in 50.
2016-02-28 15:06:35,455 - flow - INFO - <trader.Agent object at 0x10d4d0510> in <trader.Scope object at 0x10d4d04d0> learning
2016-02-28 15:06:35,455 - flow - INFO - sell opened by <trader.Agent object at 0x10d4d0510> in 500.
2016-02-28 15:06:35,456 - flow - INFO - Quotes fetched
2016-02-28 15:06:35,456 - flow - INFO - Trade 2
2016-02-28 15:06:35,456 - flow - INFO - <trader.Agent object at 0x10d4d02d0> in <trader.Scope object at 0x10d4d0250> learning
2016-02-28 15:11:05,541 - flow - INFO - Initializing Executive...
2016-02-28 15:11:06,860 - flow - INFO - Loading data complete
2016-02-28 15:11:06,861 - flow - INFO - Scopes generated
2016-02-28 15:11:06,861 - flow - INFO - Running...
2016-02-28 15:11:06,861 - flow - INFO - Quotes fetched
2016-02-28 15:11:06,862 - flow - INFO - Trade 1
2016-02-28 15:11:06,862 - flow - INFO - <trader.Agent object at 0x100bad350> in <trader.Scope object at 0x100bad2d0> learning
2016-02-28 15:11:06,862 - flow - INFO - sell 5 opened by <trader.Agent object at 0x100bad350> in 1.
2016-02-28 15:11:06,862 - flow - INFO - <trader.Agent object at 0x100bad310> in <trader.Scope object at 0x100bad390> learning
2016-02-28 15:11:06,863 - flow - INFO - sell 5 opened by <trader.Agent object at 0x100bad310> in 100.
2016-02-28 15:11:06,863 - flow - INFO - <trader.Agent object at 0x100bad410> in <trader.Scope object at 0x100bad3d0> learning
2016-02-28 15:11:06,863 - flow - INFO - sell 5 opened by <trader.Agent object at 0x100bad410> in 1000.
2016-02-28 15:11:06,863 - flow - INFO - <trader.Agent object at 0x100bad490> in <trader.Scope object at 0x100bad450> learning
2016-02-28 15:11:06,863 - flow - INFO - sell 5 opened by <trader.Agent object at 0x100bad490> in 10.
2016-02-28 15:11:06,863 - flow - INFO - <trader.Agent object at 0x100bad510> in <trader.Scope object at 0x100bad4d0> learning
2016-02-28 15:11:06,864 - flow - INFO - sell 5 opened by <trader.Agent object at 0x100bad510> in 50.
2016-02-28 15:11:06,864 - flow - INFO - <trader.Agent object at 0x100bad590> in <trader.Scope object at 0x100bad550> learning
2016-02-28 15:11:06,864 - flow - INFO - sell 5 opened by <trader.Agent object at 0x100bad590> in 500.
2016-02-28 15:11:06,864 - flow - INFO - Quotes fetched
2016-02-28 15:11:06,864 - flow - INFO - Trade 2
2016-02-28 15:11:06,864 - flow - INFO - <trader.Agent object at 0x100bad350> in <trader.Scope object at 0x100bad2d0> learning
2016-02-28 15:37:24,996 - flow - INFO - Initializing Executive...
2016-02-28 15:37:26,180 - flow - INFO - Loading data complete
2016-02-28 15:37:26,180 - flow - INFO - Scopes generated
2016-02-28 15:37:26,180 - flow - INFO - Running...
2016-02-28 15:37:26,181 - flow - INFO - Quotes fetched
2016-02-28 15:37:26,181 - flow - INFO - Trade 1
2016-02-28 15:37:26,181 - flow - INFO - <trader.Agent object at 0x101ac1350> in <trader.Scope object at 0x101ac12d0> learning
2016-02-28 15:37:26,181 - flow - INFO - sell 5 opened by <trader.Agent object at 0x101ac1350> in 1.
2016-02-28 15:37:26,182 - flow - INFO - <trader.Agent object at 0x101ac1310> in <trader.Scope object at 0x101ac1390> learning
2016-02-28 15:37:26,182 - flow - INFO - sell 5 opened by <trader.Agent object at 0x101ac1310> in 100.
2016-02-28 15:37:26,182 - flow - INFO - <trader.Agent object at 0x101ac1410> in <trader.Scope object at 0x101ac13d0> learning
2016-02-28 15:37:26,182 - flow - INFO - sell 5 opened by <trader.Agent object at 0x101ac1410> in 1000.
2016-02-28 15:37:26,183 - flow - INFO - <trader.Agent object at 0x101ac1490> in <trader.Scope object at 0x101ac1450> learning
2016-02-28 15:37:26,183 - flow - INFO - sell 5 opened by <trader.Agent object at 0x101ac1490> in 10.
2016-02-28 15:37:26,183 - flow - INFO - <trader.Agent object at 0x101ac1510> in <trader.Scope object at 0x101ac14d0> learning
2016-02-28 15:37:26,183 - flow - INFO - sell 5 opened by <trader.Agent object at 0x101ac1510> in 50.
2016-02-28 15:37:26,183 - flow - INFO - <trader.Agent object at 0x101ac1590> in <trader.Scope object at 0x101ac1550> learning
2016-02-28 15:37:26,184 - flow - INFO - sell 5 opened by <trader.Agent object at 0x101ac1590> in 500.
2016-02-28 15:37:26,184 - flow - INFO - Quotes fetched
2016-02-28 15:37:26,184 - flow - INFO - Trade 2
2016-02-28 15:37:26,184 - flow - INFO - <trader.Agent object at 0x101ac1350> in <trader.Scope object at 0x101ac12d0> learning
2016-02-28 15:42:08,219 - flow - INFO - Initializing Executive...
2016-02-28 15:42:09,444 - flow - INFO - Loading data complete
2016-02-28 15:42:09,445 - flow - INFO - Scopes generated
2016-02-28 15:42:09,445 - flow - INFO - Running...
2016-02-28 15:42:09,445 - flow - INFO - Quotes fetched
2016-02-28 15:42:09,445 - flow - INFO - Trade 1
2016-02-28 15:42:09,445 - flow - INFO - <trader.Agent object at 0x10995e310> in <trader.Scope object at 0x10995e290> learning
2016-02-28 15:42:09,446 - flow - INFO - sell 5 opened by <trader.Agent object at 0x10995e310> in 1.
2016-02-28 15:42:09,446 - flow - INFO - <trader.Agent object at 0x10995e2d0> in <trader.Scope object at 0x10995e350> learning
2016-02-28 15:42:09,446 - flow - INFO - sell 5 opened by <trader.Agent object at 0x10995e2d0> in 100.
2016-02-28 15:42:09,446 - flow - INFO - <trader.Agent object at 0x10995e3d0> in <trader.Scope object at 0x10995e390> learning
2016-02-28 15:42:09,446 - flow - INFO - sell 5 opened by <trader.Agent object at 0x10995e3d0> in 1000.
2016-02-28 15:42:09,447 - flow - INFO - <trader.Agent object at 0x10995e450> in <trader.Scope object at 0x10995e410> learning
2016-02-28 15:42:09,447 - flow - INFO - sell 5 opened by <trader.Agent object at 0x10995e450> in 10.
2016-02-28 15:42:09,447 - flow - INFO - <trader.Agent object at 0x10995e4d0> in <trader.Scope object at 0x10995e490> learning
2016-02-28 15:42:09,447 - flow - INFO - sell 5 opened by <trader.Agent object at 0x10995e4d0> in 50.
2016-02-28 15:42:09,447 - flow - INFO - <trader.Agent object at 0x10995e550> in <trader.Scope object at 0x10995e510> learning
2016-02-28 15:42:09,448 - flow - INFO - sell 5 opened by <trader.Agent object at 0x10995e550> in 500.
2016-02-28 15:42:09,448 - flow - INFO - Quotes fetched
2016-02-28 15:42:09,448 - flow - INFO - Trade 2
2016-02-28 15:42:09,448 - flow - INFO - <trader.Agent object at 0x10995e310> in <trader.Scope object at 0x10995e290> learning
2016-02-28 15:43:27,889 - flow - INFO - Initializing Executive...
2016-02-28 15:43:29,037 - flow - INFO - Loading data complete
2016-02-28 15:43:29,037 - flow - INFO - Scopes generated
2016-02-28 15:43:29,037 - flow - INFO - Running...
2016-02-28 15:43:29,037 - flow - INFO - Quotes fetched
2016-02-28 15:43:29,037 - flow - INFO - Trade 1
2016-02-28 15:43:29,038 - flow - INFO - <trader.Agent object at 0x101e982d0> in <trader.Scope object at 0x101e98250> learning
2016-02-28 15:43:29,038 - flow - INFO - sell 5 opened by <trader.Agent object at 0x101e982d0> in 1.
2016-02-28 15:43:29,038 - flow - INFO - <trader.Agent object at 0x101e98290> in <trader.Scope object at 0x101e98310> learning
2016-02-28 15:43:29,038 - flow - INFO - sell 5 opened by <trader.Agent object at 0x101e98290> in 100.
2016-02-28 15:43:29,039 - flow - INFO - <trader.Agent object at 0x101e98390> in <trader.Scope object at 0x101e98350> learning
2016-02-28 15:43:29,039 - flow - INFO - sell 5 opened by <trader.Agent object at 0x101e98390> in 1000.
2016-02-28 15:43:29,039 - flow - INFO - <trader.Agent object at 0x101e98410> in <trader.Scope object at 0x101e983d0> learning
2016-02-28 15:43:29,039 - flow - INFO - sell 5 opened by <trader.Agent object at 0x101e98410> in 10.
2016-02-28 15:43:29,039 - flow - INFO - <trader.Agent object at 0x101e98490> in <trader.Scope object at 0x101e98450> learning
2016-02-28 15:43:29,040 - flow - INFO - sell 5 opened by <trader.Agent object at 0x101e98490> in 50.
2016-02-28 15:43:29,040 - flow - INFO - <trader.Agent object at 0x101e98510> in <trader.Scope object at 0x101e984d0> learning
2016-02-28 15:43:29,040 - flow - INFO - sell 5 opened by <trader.Agent object at 0x101e98510> in 500.
2016-02-28 15:43:29,040 - flow - INFO - Quotes fetched
2016-02-28 15:43:29,040 - flow - INFO - Trade 2
2016-02-28 15:43:29,040 - flow - INFO - <trader.Agent object at 0x101e982d0> in <trader.Scope object at 0x101e98250> learning
2016-02-28 15:45:48,879 - flow - INFO - Initializing Executive...
2016-02-28 15:45:50,056 - flow - INFO - Loading data complete
2016-02-28 15:45:50,056 - flow - INFO - Scopes generated
2016-02-28 15:45:50,057 - flow - INFO - Running...
2016-02-28 15:45:50,057 - flow - INFO - Quotes fetched
2016-02-28 15:45:50,057 - flow - INFO - Trade 1
2016-02-28 15:45:50,057 - flow - INFO - <trader.Agent object at 0x10c9b92d0> in <trader.Scope object at 0x10c9b9250> learning
2016-02-28 15:45:50,057 - flow - INFO - response is None
2016-02-28 15:45:50,057 - flow - INFO - sell 5 opened by <trader.Agent object at 0x10c9b92d0> in 1.
2016-02-28 15:45:50,058 - flow - INFO - <trader.Agent object at 0x10c9b9290> in <trader.Scope object at 0x10c9b9310> learning
2016-02-28 15:45:50,058 - flow - INFO - response is None
2016-02-28 15:45:50,058 - flow - INFO - sell 5 opened by <trader.Agent object at 0x10c9b9290> in 100.
2016-02-28 15:45:50,058 - flow - INFO - <trader.Agent object at 0x10c9b9390> in <trader.Scope object at 0x10c9b9350> learning
2016-02-28 15:45:50,058 - flow - INFO - response is None
2016-02-28 15:45:50,059 - flow - INFO - sell 5 opened by <trader.Agent object at 0x10c9b9390> in 1000.
2016-02-28 15:45:50,059 - flow - INFO - <trader.Agent object at 0x10c9b9410> in <trader.Scope object at 0x10c9b93d0> learning
2016-02-28 15:45:50,059 - flow - INFO - response is None
2016-02-28 15:45:50,059 - flow - INFO - sell 5 opened by <trader.Agent object at 0x10c9b9410> in 10.
2016-02-28 15:45:50,059 - flow - INFO - <trader.Agent object at 0x10c9b9490> in <trader.Scope object at 0x10c9b9450> learning
2016-02-28 15:45:50,059 - flow - INFO - response is None
2016-02-28 15:45:50,060 - flow - INFO - sell 5 opened by <trader.Agent object at 0x10c9b9490> in 50.
2016-02-28 15:45:50,060 - flow - INFO - <trader.Agent object at 0x10c9b9510> in <trader.Scope object at 0x10c9b94d0> learning
2016-02-28 15:45:50,060 - flow - INFO - response is None
2016-02-28 15:45:50,060 - flow - INFO - sell 5 opened by <trader.Agent object at 0x10c9b9510> in 500.
2016-02-28 15:45:50,060 - flow - INFO - Quotes fetched
2016-02-28 15:45:50,060 - flow - INFO - Trade 2
2016-02-28 15:45:50,061 - flow - INFO - <trader.Agent object at 0x10c9b92d0> in <trader.Scope object at 0x10c9b9250> learning
2016-02-28 15:46:53,665 - flow - INFO - Initializing Executive...
2016-02-28 15:46:54,807 - flow - INFO - Loading data complete
2016-02-28 15:46:54,807 - flow - INFO - Scopes generated
2016-02-28 15:46:54,807 - flow - INFO - Running...
2016-02-28 15:46:54,807 - flow - INFO - Quotes fetched
2016-02-28 15:46:54,808 - flow - INFO - Trade 1
2016-02-28 15:46:54,808 - flow - INFO - <trader.Agent object at 0x10cd022d0> in <trader.Scope object at 0x10cd02250> learning
2016-02-28 15:46:54,808 - flow - INFO - response is None
2016-02-28 15:46:54,808 - flow - INFO - <trader.Agent object at 0x10cd02290> in <trader.Scope object at 0x10cd02310> learning
2016-02-28 15:46:54,808 - flow - INFO - response is None
2016-02-28 15:46:54,809 - flow - INFO - <trader.Agent object at 0x10cd02390> in <trader.Scope object at 0x10cd02350> learning
2016-02-28 15:46:54,809 - flow - INFO - response is None
2016-02-28 15:46:54,809 - flow - INFO - <trader.Agent object at 0x10cd02410> in <trader.Scope object at 0x10cd023d0> learning
2016-02-28 15:46:54,809 - flow - INFO - response is None
2016-02-28 15:46:54,809 - flow - INFO - <trader.Agent object at 0x10cd02490> in <trader.Scope object at 0x10cd02450> learning
2016-02-28 15:46:54,809 - flow - INFO - response is None
2016-02-28 15:46:54,810 - flow - INFO - <trader.Agent object at 0x10cd02510> in <trader.Scope object at 0x10cd024d0> learning
2016-02-28 15:46:54,810 - flow - INFO - response is None
2016-02-28 15:46:54,810 - flow - INFO - Quotes fetched
2016-02-28 15:46:54,810 - flow - INFO - Trade 2
2016-02-28 15:46:54,810 - flow - INFO - <trader.Agent object at 0x10cd022d0> in <trader.Scope object at 0x10cd02250> learning
2016-02-28 15:48:11,285 - flow - INFO - Initializing Executive...
2016-02-28 15:48:12,457 - flow - INFO - Loading data complete
2016-02-28 15:48:12,457 - flow - INFO - Scopes generated
2016-02-28 15:48:12,457 - flow - INFO - Running...
2016-02-28 15:48:12,457 - flow - INFO - Quotes fetched
2016-02-28 15:48:12,458 - flow - INFO - Trade 1
2016-02-28 15:48:12,458 - flow - INFO - <trader.Agent object at 0x10f5b72d0> in <trader.Scope object at 0x10f5b7250> learning
2016-02-28 15:48:12,458 - flow - INFO - response is None
2016-02-28 15:48:12,458 - flow - INFO - <trader.Agent object at 0x10f5b7290> in <trader.Scope object at 0x10f5b7310> learning
2016-02-28 15:48:12,458 - flow - INFO - response is None
2016-02-28 15:48:12,459 - flow - INFO - <trader.Agent object at 0x10f5b7390> in <trader.Scope object at 0x10f5b7350> learning
2016-02-28 15:48:12,459 - flow - INFO - response is None
2016-02-28 15:48:12,459 - flow - INFO - <trader.Agent object at 0x10f5b7410> in <trader.Scope object at 0x10f5b73d0> learning
2016-02-28 15:48:12,459 - flow - INFO - response is None
2016-02-28 15:48:12,459 - flow - INFO - <trader.Agent object at 0x10f5b7490> in <trader.Scope object at 0x10f5b7450> learning
2016-02-28 15:48:12,459 - flow - INFO - response is None
2016-02-28 15:48:12,460 - flow - INFO - <trader.Agent object at 0x10f5b7510> in <trader.Scope object at 0x10f5b74d0> learning
2016-02-28 15:48:12,460 - flow - INFO - response is None
2016-02-28 15:48:12,460 - flow - INFO - Quotes fetched
2016-02-28 15:48:12,460 - flow - INFO - Trade 2
2016-02-28 15:48:12,460 - flow - INFO - <trader.Agent object at 0x10f5b72d0> in <trader.Scope object at 0x10f5b7250> learning
2016-02-28 15:48:56,956 - flow - INFO - Initializing Executive...
2016-02-28 15:48:58,177 - flow - INFO - Loading data complete
2016-02-28 15:48:58,177 - flow - INFO - Scopes generated
2016-02-28 15:48:58,177 - flow - INFO - Running...
2016-02-28 15:48:58,178 - flow - INFO - Quotes fetched
2016-02-28 15:48:58,178 - flow - INFO - Trade 1
2016-02-28 15:48:58,178 - flow - INFO - <trader.Agent object at 0x10462e310> in <trader.Scope object at 0x10462e290> is learning
2016-02-28 15:48:58,178 - flow - INFO - response is None
2016-02-28 15:48:58,178 - flow - INFO - <trader.Agent object at 0x10462e2d0> in <trader.Scope object at 0x10462e350> is learning
2016-02-28 15:48:58,179 - flow - INFO - response is None
2016-02-28 15:48:58,179 - flow - INFO - <trader.Agent object at 0x10462e3d0> in <trader.Scope object at 0x10462e390> is learning
2016-02-28 15:48:58,179 - flow - INFO - response is None
2016-02-28 15:48:58,179 - flow - INFO - <trader.Agent object at 0x10462e450> in <trader.Scope object at 0x10462e410> is learning
2016-02-28 15:48:58,180 - flow - INFO - response is None
2016-02-28 15:48:58,180 - flow - INFO - <trader.Agent object at 0x10462e4d0> in <trader.Scope object at 0x10462e490> is learning
2016-02-28 15:48:58,180 - flow - INFO - response is None
2016-02-28 15:48:58,180 - flow - INFO - <trader.Agent object at 0x10462e550> in <trader.Scope object at 0x10462e510> is learning
2016-02-28 15:48:58,180 - flow - INFO - response is None
2016-02-28 15:48:58,180 - flow - INFO - Quotes fetched
2016-02-28 15:48:58,181 - flow - INFO - Trade 2
2016-02-28 15:48:58,181 - flow - INFO - <trader.Agent object at 0x10462e310> in <trader.Scope object at 0x10462e290> is learning
2016-02-28 15:54:59,611 - flow - INFO - Initializing Executive...
2016-02-28 15:55:00,819 - flow - INFO - Loading data complete
2016-02-28 15:55:00,820 - flow - INFO - Scopes generated
2016-02-28 15:55:00,820 - flow - INFO - Running...
2016-02-28 15:55:00,820 - flow - INFO - Quotes fetched
2016-02-28 15:55:00,820 - flow - INFO - Trade 1
2016-02-28 15:55:00,820 - flow - INFO - <trader.Agent object at 0x1092e2250> in <trader.Scope object at 0x1092e21d0> is learning
2016-02-28 15:57:25,534 - flow - INFO - Initializing Executive...
2016-02-28 15:57:26,733 - flow - INFO - Loading data complete
2016-02-28 15:57:26,734 - flow - INFO - Scopes generated
2016-02-28 15:57:26,734 - flow - INFO - Running...
2016-02-28 15:57:26,734 - flow - INFO - Quotes fetched
2016-02-28 15:57:26,734 - flow - INFO - Trade 1
2016-02-28 15:57:26,734 - flow - INFO - <trader.Agent object at 0x10d00f290> in <trader.Scope object at 0x10d00f210> is learning
2016-02-28 15:58:09,191 - flow - INFO - Initializing Executive...
2016-02-28 15:58:10,371 - flow - INFO - Loading data complete
2016-02-28 15:58:10,371 - flow - INFO - Scopes generated
2016-02-28 15:58:10,371 - flow - INFO - Running...
2016-02-28 15:58:10,372 - flow - INFO - Quotes fetched
2016-02-28 15:58:10,372 - flow - INFO - Trade 1
2016-02-28 15:58:10,372 - flow - INFO - <trader.Agent object at 0x103a02290> in <trader.Scope object at 0x103a02210> is learning
2016-02-28 16:00:59,047 - flow - INFO - Initializing Executive...
2016-02-28 16:01:00,229 - flow - INFO - Loading data complete
2016-02-28 16:01:00,229 - flow - INFO - Scopes generated
2016-02-28 16:01:00,230 - flow - INFO - Running...
2016-02-28 16:01:00,230 - flow - INFO - Quotes fetched
2016-02-28 16:01:00,230 - flow - INFO - Trade 1
2016-02-28 16:01:00,230 - flow - INFO - <trader.Agent object at 0x10b6cd250> in <trader.Scope object at 0x10b6cd1d0> is learning
2016-02-28 16:01:00,231 - flow - INFO - response is None
2016-02-28 16:01:00,231 - flow - INFO - <trader.Agent object at 0x10b6cd210> in <trader.Scope object at 0x10b6cd290> is learning
2016-02-28 16:01:00,232 - flow - INFO - response is None
2016-02-28 16:01:00,232 - flow - INFO - <trader.Agent object at 0x10b6cd310> in <trader.Scope object at 0x10b6cd2d0> is learning
2016-02-28 16:01:00,233 - flow - INFO - response is None
2016-02-28 16:01:00,233 - flow - INFO - <trader.Agent object at 0x10b6cd390> in <trader.Scope object at 0x10b6cd350> is learning
2016-02-28 16:01:00,234 - flow - INFO - response is None
2016-02-28 16:01:00,234 - flow - INFO - <trader.Agent object at 0x10b6cd410> in <trader.Scope object at 0x10b6cd3d0> is learning
2016-02-28 16:01:00,234 - flow - INFO - response is None
2016-02-28 16:01:00,235 - flow - INFO - <trader.Agent object at 0x10b6cd490> in <trader.Scope object at 0x10b6cd450> is learning
2016-02-28 16:01:00,235 - flow - INFO - response is None
2016-02-28 16:01:00,235 - flow - INFO - Quotes fetched
2016-02-28 16:01:00,236 - flow - INFO - Trade 2
2016-02-28 16:01:00,236 - flow - INFO - <trader.Agent object at 0x10b6cd250> in <trader.Scope object at 0x10b6cd1d0> is learning
2016-02-28 16:01:24,551 - flow - INFO - Initializing Executive...
2016-02-28 16:01:25,733 - flow - INFO - Loading data complete
2016-02-28 16:01:25,733 - flow - INFO - Scopes generated
2016-02-28 16:01:25,734 - flow - INFO - Running...
2016-02-28 16:01:25,734 - flow - INFO - Quotes fetched
2016-02-28 16:01:25,734 - flow - INFO - Trade 1
2016-02-28 16:01:25,734 - flow - INFO - <trader.Agent object at 0x109c78250> in <trader.Scope object at 0x109c781d0> is learning
2016-02-28 16:01:25,734 - flow - INFO - response is None
2016-02-28 16:01:25,735 - flow - INFO - <trader.Agent object at 0x109c78210> in <trader.Scope object at 0x109c78290> is learning
2016-02-28 16:01:25,735 - flow - INFO - response is None
2016-02-28 16:01:25,735 - flow - INFO - <trader.Agent object at 0x109c78310> in <trader.Scope object at 0x109c782d0> is learning
2016-02-28 16:01:25,735 - flow - INFO - response is None
2016-02-28 16:01:25,735 - flow - INFO - <trader.Agent object at 0x109c78390> in <trader.Scope object at 0x109c78350> is learning
2016-02-28 16:01:25,736 - flow - INFO - response is None
2016-02-28 16:01:25,736 - flow - INFO - <trader.Agent object at 0x109c78410> in <trader.Scope object at 0x109c783d0> is learning
2016-02-28 16:01:25,736 - flow - INFO - response is None
2016-02-28 16:01:25,736 - flow - INFO - <trader.Agent object at 0x109c78490> in <trader.Scope object at 0x109c78450> is learning
2016-02-28 16:01:25,737 - flow - INFO - response is None
2016-02-28 16:01:25,737 - flow - INFO - Quotes fetched
2016-02-28 16:01:25,737 - flow - INFO - Trade 2
2016-02-28 16:01:25,737 - flow - INFO - <trader.Agent object at 0x109c78250> in <trader.Scope object at 0x109c781d0> is learning
2016-02-28 16:02:03,388 - flow - INFO - Initializing Executive...
2016-02-28 16:02:04,598 - flow - INFO - Loading data complete
2016-02-28 16:02:04,598 - flow - INFO - Scopes generated
2016-02-28 16:02:04,598 - flow - INFO - Running...
2016-02-28 16:02:04,598 - flow - INFO - Quotes fetched
2016-02-28 16:02:04,599 - flow - INFO - Trade 1
2016-02-28 16:02:04,599 - flow - INFO - <trader.Agent object at 0x10b4ed250> in <trader.Scope object at 0x10b4ed1d0> is learning
2016-02-28 16:02:04,599 - flow - INFO - response is None
2016-02-28 16:02:04,599 - flow - INFO - <trader.Agent object at 0x10b4ed210> in <trader.Scope object at 0x10b4ed290> is learning
2016-02-28 16:02:04,600 - flow - INFO - response is None
2016-02-28 16:02:04,600 - flow - INFO - <trader.Agent object at 0x10b4ed310> in <trader.Scope object at 0x10b4ed2d0> is learning
2016-02-28 16:02:04,600 - flow - INFO - response is None
2016-02-28 16:02:04,600 - flow - INFO - <trader.Agent object at 0x10b4ed390> in <trader.Scope object at 0x10b4ed350> is learning
2016-02-28 16:02:04,601 - flow - INFO - response is None
2016-02-28 16:02:04,601 - flow - INFO - <trader.Agent object at 0x10b4ed410> in <trader.Scope object at 0x10b4ed3d0> is learning
2016-02-28 16:02:04,601 - flow - INFO - response is None
2016-02-28 16:02:04,601 - flow - INFO - <trader.Agent object at 0x10b4ed490> in <trader.Scope object at 0x10b4ed450> is learning
2016-02-28 16:02:04,602 - flow - INFO - response is None
2016-02-28 16:02:04,602 - flow - INFO - Quotes fetched
2016-02-28 16:02:04,602 - flow - INFO - Trade 2
2016-02-28 16:02:04,602 - flow - INFO - <trader.Agent object at 0x10b4ed250> in <trader.Scope object at 0x10b4ed1d0> is learning
2016-02-28 16:02:16,356 - flow - INFO - Initializing Executive...
2016-02-28 16:02:17,547 - flow - INFO - Loading data complete
2016-02-28 16:02:17,548 - flow - INFO - Scopes generated
2016-02-28 16:02:17,548 - flow - INFO - Running...
2016-02-28 16:02:17,548 - flow - INFO - Quotes fetched
2016-02-28 16:02:17,548 - flow - INFO - Trade 1
2016-02-28 16:02:17,548 - flow - INFO - <trader.Agent object at 0x101d6e250> in <trader.Scope object at 0x101d6e1d0> is learning
2016-02-28 16:02:17,549 - flow - INFO - response is None
2016-02-28 16:02:17,549 - flow - INFO - <trader.Agent object at 0x101d6e210> in <trader.Scope object at 0x101d6e290> is learning
2016-02-28 16:02:17,550 - flow - INFO - response is None
2016-02-28 16:02:17,550 - flow - INFO - <trader.Agent object at 0x101d6e310> in <trader.Scope object at 0x101d6e2d0> is learning
2016-02-28 16:02:17,551 - flow - INFO - response is None
2016-02-28 16:02:17,551 - flow - INFO - <trader.Agent object at 0x101d6e390> in <trader.Scope object at 0x101d6e350> is learning
2016-02-28 16:02:17,551 - flow - INFO - response is None
2016-02-28 16:02:17,552 - flow - INFO - <trader.Agent object at 0x101d6e410> in <trader.Scope object at 0x101d6e3d0> is learning
2016-02-28 16:02:17,552 - flow - INFO - response is None
2016-02-28 16:02:17,552 - flow - INFO - <trader.Agent object at 0x101d6e490> in <trader.Scope object at 0x101d6e450> is learning
2016-02-28 16:02:17,553 - flow - INFO - response is None
2016-02-28 16:02:17,553 - flow - INFO - Quotes fetched
2016-02-28 16:02:17,553 - flow - INFO - Trade 2
2016-02-28 16:02:17,553 - flow - INFO - <trader.Agent object at 0x101d6e250> in <trader.Scope object at 0x101d6e1d0> is learning
2016-02-28 16:02:49,098 - flow - INFO - Initializing Executive...
2016-02-28 16:02:50,290 - flow - INFO - Loading data complete
2016-02-28 16:02:50,291 - flow - INFO - Scopes generated
2016-02-28 16:02:50,291 - flow - INFO - Running...
2016-02-28 16:02:50,291 - flow - INFO - Quotes fetched
2016-02-28 16:02:50,291 - flow - INFO - Trade 1
2016-02-28 16:02:50,291 - flow - INFO - <trader.Agent object at 0x10bc2c210> in <trader.Scope object at 0x10bc2c190> is learning
2016-02-28 16:02:50,292 - flow - INFO - response is None
2016-02-28 16:02:50,292 - flow - INFO - <trader.Agent object at 0x10bc2c1d0> in <trader.Scope object at 0x10bc2c250> is learning
2016-02-28 16:02:50,292 - flow - INFO - response is None
2016-02-28 16:02:50,292 - flow - INFO - <trader.Agent object at 0x10bc2c2d0> in <trader.Scope object at 0x10bc2c290> is learning
2016-02-28 16:02:50,293 - flow - INFO - response is None
2016-02-28 16:02:50,293 - flow - INFO - <trader.Agent object at 0x10bc2c350> in <trader.Scope object at 0x10bc2c310> is learning
2016-02-28 16:02:50,293 - flow - INFO - response is None
2016-02-28 16:02:50,294 - flow - INFO - <trader.Agent object at 0x10bc2c3d0> in <trader.Scope object at 0x10bc2c390> is learning
2016-02-28 16:02:50,294 - flow - INFO - response is None
2016-02-28 16:02:50,294 - flow - INFO - <trader.Agent object at 0x10bc2c450> in <trader.Scope object at 0x10bc2c410> is learning
2016-02-28 16:02:50,294 - flow - INFO - response is None
2016-02-28 16:02:50,295 - flow - INFO - Quotes fetched
2016-02-28 16:02:50,295 - flow - INFO - Trade 2
2016-02-28 16:02:50,295 - flow - INFO - <trader.Agent object at 0x10bc2c210> in <trader.Scope object at 0x10bc2c190> is learning
2016-02-28 16:03:14,276 - flow - INFO - Initializing Executive...
2016-02-28 16:03:15,461 - flow - INFO - Loading data complete
2016-02-28 16:03:15,461 - flow - INFO - Scopes generated
2016-02-28 16:03:15,461 - flow - INFO - Running...
2016-02-28 16:03:15,462 - flow - INFO - Quotes fetched
2016-02-28 16:03:15,462 - flow - INFO - Trade 1
2016-02-28 16:03:15,462 - flow - INFO - <trader.Agent object at 0x10f532250> in <trader.Scope object at 0x10f5321d0> is learning
2016-02-28 16:03:15,462 - flow - INFO - response is None
2016-02-28 16:03:15,462 - flow - INFO - <trader.Agent object at 0x10f532210> in <trader.Scope object at 0x10f532290> is learning
2016-02-28 16:03:15,463 - flow - INFO - response is None
2016-02-28 16:03:15,463 - flow - INFO - <trader.Agent object at 0x10f532310> in <trader.Scope object at 0x10f5322d0> is learning
2016-02-28 16:03:15,463 - flow - INFO - response is None
2016-02-28 16:03:15,463 - flow - INFO - <trader.Agent object at 0x10f532390> in <trader.Scope object at 0x10f532350> is learning
2016-02-28 16:03:15,464 - flow - INFO - response is None
2016-02-28 16:03:15,464 - flow - INFO - <trader.Agent object at 0x10f532410> in <trader.Scope object at 0x10f5323d0> is learning
2016-02-28 16:03:15,465 - flow - INFO - response is None
2016-02-28 16:03:15,465 - flow - INFO - <trader.Agent object at 0x10f532490> in <trader.Scope object at 0x10f532450> is learning
2016-02-28 16:03:15,465 - flow - INFO - response is None
2016-02-28 16:03:15,465 - flow - INFO - Quotes fetched
2016-02-28 16:03:15,465 - flow - INFO - Trade 2
2016-02-28 16:03:15,465 - flow - INFO - <trader.Agent object at 0x10f532250> in <trader.Scope object at 0x10f5321d0> is learning
2016-02-28 16:04:17,396 - flow - INFO - Initializing Executive...
2016-02-28 16:04:18,585 - flow - INFO - Loading data complete
2016-02-28 16:04:18,586 - flow - INFO - Scopes generated
2016-02-28 16:04:18,586 - flow - INFO - Running...
2016-02-28 16:04:18,586 - flow - INFO - Quotes fetched
2016-02-28 16:04:18,586 - flow - INFO - Trade 1
2016-02-28 16:04:18,586 - flow - INFO - <trader.Agent object at 0x1077f7290> in <trader.Scope object at 0x1077f7210> is learning
2016-02-28 16:04:18,587 - flow - INFO - response is None
2016-02-28 16:04:18,587 - flow - INFO - <trader.Agent object at 0x1077f7250> in <trader.Scope object at 0x1077f72d0> is learning
2016-02-28 16:04:18,587 - flow - INFO - response is None
2016-02-28 16:04:18,587 - flow - INFO - <trader.Agent object at 0x1077f7350> in <trader.Scope object at 0x1077f7310> is learning
2016-02-28 16:04:18,588 - flow - INFO - response is None
2016-02-28 16:04:18,588 - flow - INFO - <trader.Agent object at 0x1077f73d0> in <trader.Scope object at 0x1077f7390> is learning
2016-02-28 16:04:18,588 - flow - INFO - response is None
2016-02-28 16:04:18,588 - flow - INFO - <trader.Agent object at 0x1077f7450> in <trader.Scope object at 0x1077f7410> is learning
2016-02-28 16:04:18,589 - flow - INFO - response is None
2016-02-28 16:04:18,589 - flow - INFO - <trader.Agent object at 0x1077f74d0> in <trader.Scope object at 0x1077f7490> is learning
2016-02-28 16:04:18,589 - flow - INFO - response is None
2016-02-28 16:04:18,589 - flow - INFO - Quotes fetched
2016-02-28 16:04:18,590 - flow - INFO - Trade 2
2016-02-28 16:04:18,590 - flow - INFO - <trader.Agent object at 0x1077f7290> in <trader.Scope object at 0x1077f7210> is learning
2016-02-28 16:04:18,590 - flow - INFO - response is 1
2016-02-28 16:04:18,590 - flow - INFO - buy 5 opened by <trader.Agent object at 0x1077f7290> in 1.
2016-02-28 16:04:18,591 - flow - INFO - <trader.Agent object at 0x1077f7250> in <trader.Scope object at 0x1077f72d0> is learning
2016-02-28 16:05:34,565 - flow - INFO - Initializing Executive...
2016-02-28 16:05:35,744 - flow - INFO - Loading data complete
2016-02-28 16:05:35,744 - flow - INFO - Scopes generated
2016-02-28 16:05:35,744 - flow - INFO - Running...
2016-02-28 16:05:35,744 - flow - INFO - Quotes fetched
2016-02-28 16:05:35,744 - flow - INFO - Trade 1
2016-02-28 16:05:35,745 - flow - INFO - <trader.Agent object at 0x1104fc290> in <trader.Scope object at 0x1104fc210> is learning
2016-02-28 16:05:35,745 - flow - INFO - response is None
2016-02-28 16:05:35,745 - flow - INFO - <trader.Agent object at 0x1104fc250> in <trader.Scope object at 0x1104fc2d0> is learning
2016-02-28 16:05:35,747 - flow - INFO - response is None
2016-02-28 16:05:35,747 - flow - INFO - <trader.Agent object at 0x1104fc350> in <trader.Scope object at 0x1104fc310> is learning
2016-02-28 16:05:35,747 - flow - INFO - response is None
2016-02-28 16:05:35,748 - flow - INFO - <trader.Agent object at 0x1104fc3d0> in <trader.Scope object at 0x1104fc390> is learning
2016-02-28 16:05:35,748 - flow - INFO - response is None
2016-02-28 16:05:35,748 - flow - INFO - <trader.Agent object at 0x1104fc450> in <trader.Scope object at 0x1104fc410> is learning
2016-02-28 16:05:35,749 - flow - INFO - response is None
2016-02-28 16:05:35,749 - flow - INFO - <trader.Agent object at 0x1104fc4d0> in <trader.Scope object at 0x1104fc490> is learning
2016-02-28 16:05:35,749 - flow - INFO - response is None
2016-02-28 16:05:35,749 - flow - INFO - Quotes fetched
2016-02-28 16:05:35,749 - flow - INFO - Trade 2
2016-02-28 16:05:35,749 - flow - INFO - <trader.Agent object at 0x1104fc290> in <trader.Scope object at 0x1104fc210> is learning
2016-02-28 16:07:01,976 - flow - INFO - Initializing Executive...
2016-02-28 16:07:03,240 - flow - INFO - Loading data complete
2016-02-28 16:07:03,240 - flow - INFO - Scopes generated
2016-02-28 16:07:03,240 - flow - INFO - Running...
2016-02-28 16:07:03,240 - flow - INFO - Quotes fetched
2016-02-28 16:07:03,241 - flow - INFO - Trade 1
2016-02-28 16:07:03,241 - flow - INFO - <trader.Agent object at 0x10ef90250> in <trader.Scope object at 0x10ef901d0> is learning
2016-02-28 16:07:03,241 - flow - INFO - response is None
2016-02-28 16:07:03,241 - flow - INFO - <trader.Agent object at 0x10ef90210> in <trader.Scope object at 0x10ef90290> is learning
2016-02-28 16:07:03,242 - flow - INFO - response is None
2016-02-28 16:07:03,242 - flow - INFO - <trader.Agent object at 0x10ef90310> in <trader.Scope object at 0x10ef902d0> is learning
2016-02-28 16:07:03,242 - flow - INFO - response is None
2016-02-28 16:07:03,242 - flow - INFO - <trader.Agent object at 0x10ef90390> in <trader.Scope object at 0x10ef90350> is learning
2016-02-28 16:07:03,243 - flow - INFO - response is None
2016-02-28 16:07:03,243 - flow - INFO - <trader.Agent object at 0x10ef90410> in <trader.Scope object at 0x10ef903d0> is learning
2016-02-28 16:07:03,243 - flow - INFO - response is None
2016-02-28 16:07:03,243 - flow - INFO - <trader.Agent object at 0x10ef90490> in <trader.Scope object at 0x10ef90450> is learning
2016-02-28 16:07:03,243 - flow - INFO - response is None
2016-02-28 16:07:03,244 - flow - INFO - Quotes fetched
2016-02-28 16:07:03,244 - flow - INFO - Trade 2
2016-02-28 16:07:03,244 - flow - INFO - <trader.Agent object at 0x10ef90250> in <trader.Scope object at 0x10ef901d0> is learning
2016-02-28 16:08:27,801 - flow - INFO - Initializing Executive...
2016-02-28 16:08:29,048 - flow - INFO - Loading data complete
2016-02-28 16:08:29,048 - flow - INFO - Scopes generated
2016-02-28 16:08:29,048 - flow - INFO - Running...
2016-02-28 16:08:29,049 - flow - INFO - Quotes fetched
2016-02-28 16:08:29,049 - flow - INFO - Trade 1
2016-02-28 16:08:29,049 - flow - INFO - <trader.Agent object at 0x101b17250> in <trader.Scope object at 0x101b171d0> is learning
2016-02-28 16:08:29,050 - flow - INFO - response is None
2016-02-28 16:08:29,050 - flow - INFO - <trader.Agent object at 0x101b17210> in <trader.Scope object at 0x101b17290> is learning
2016-02-28 16:08:29,050 - flow - INFO - response is None
2016-02-28 16:08:29,050 - flow - INFO - <trader.Agent object at 0x101b17310> in <trader.Scope object at 0x101b172d0> is learning
2016-02-28 16:08:29,051 - flow - INFO - response is None
2016-02-28 16:08:29,051 - flow - INFO - <trader.Agent object at 0x101b17390> in <trader.Scope object at 0x101b17350> is learning
2016-02-28 16:08:29,051 - flow - INFO - response is None
2016-02-28 16:08:29,052 - flow - INFO - <trader.Agent object at 0x101b17410> in <trader.Scope object at 0x101b173d0> is learning
2016-02-28 16:08:29,052 - flow - INFO - response is None
2016-02-28 16:08:29,052 - flow - INFO - <trader.Agent object at 0x101b17490> in <trader.Scope object at 0x101b17450> is learning
2016-02-28 16:08:29,052 - flow - INFO - response is None
2016-02-28 16:08:29,053 - flow - INFO - Quotes fetched
2016-02-28 16:08:29,053 - flow - INFO - Trade 2
2016-02-28 16:08:29,053 - flow - INFO - <trader.Agent object at 0x101b17250> in <trader.Scope object at 0x101b171d0> is learning
2016-02-28 16:08:49,871 - flow - INFO - Initializing Executive...
2016-02-28 16:08:51,059 - flow - INFO - Loading data complete
2016-02-28 16:08:51,060 - flow - INFO - Scopes generated
2016-02-28 16:08:51,060 - flow - INFO - Running...
2016-02-28 16:08:51,060 - flow - INFO - Quotes fetched
2016-02-28 16:08:51,060 - flow - INFO - Trade 1
2016-02-28 16:08:51,060 - flow - INFO - <trader.Agent object at 0x1096a0250> in <trader.Scope object at 0x1096a01d0> is learning
2016-02-28 16:08:51,061 - flow - INFO - response is None
2016-02-28 16:08:51,061 - flow - INFO - <trader.Agent object at 0x1096a0210> in <trader.Scope object at 0x1096a0290> is learning
2016-02-28 16:08:51,061 - flow - INFO - response is None
2016-02-28 16:08:51,061 - flow - INFO - <trader.Agent object at 0x1096a0310> in <trader.Scope object at 0x1096a02d0> is learning
2016-02-28 16:08:51,062 - flow - INFO - response is None
2016-02-28 16:08:51,062 - flow - INFO - <trader.Agent object at 0x1096a0390> in <trader.Scope object at 0x1096a0350> is learning
2016-02-28 16:08:51,062 - flow - INFO - response is None
2016-02-28 16:08:51,062 - flow - INFO - <trader.Agent object at 0x1096a0410> in <trader.Scope object at 0x1096a03d0> is learning
2016-02-28 16:08:51,063 - flow - INFO - response is None
2016-02-28 16:08:51,063 - flow - INFO - <trader.Agent object at 0x1096a0490> in <trader.Scope object at 0x1096a0450> is learning
2016-02-28 16:08:51,063 - flow - INFO - response is None
2016-02-28 16:08:51,063 - flow - INFO - Quotes fetched
2016-02-28 16:08:51,063 - flow - INFO - Trade 2
2016-02-28 16:08:51,063 - flow - INFO - <trader.Agent object at 0x1096a0250> in <trader.Scope object at 0x1096a01d0> is learning
2016-02-28 16:08:51,064 - flow - INFO - response is 1
2016-02-28 16:08:51,064 - flow - INFO - buy 5 opened by <trader.Agent object at 0x1096a0250> in 1.
2016-02-28 16:08:51,064 - flow - INFO - <trader.Agent object at 0x1096a0210> in <trader.Scope object at 0x1096a0290> is learning
2016-02-28 16:08:51,065 - flow - INFO - response is 1
2016-02-28 16:08:51,065 - flow - INFO - buy 5 opened by <trader.Agent object at 0x1096a0210> in 100.
2016-02-28 16:08:51,065 - flow - INFO - <trader.Agent object at 0x1096a0310> in <trader.Scope object at 0x1096a02d0> is learning
2016-02-28 16:08:51,065 - flow - INFO - response is 1
2016-02-28 16:08:51,066 - flow - INFO - buy 5 opened by <trader.Agent object at 0x1096a0310> in 1000.
2016-02-28 16:08:51,066 - flow - INFO - <trader.Agent object at 0x1096a0390> in <trader.Scope object at 0x1096a0350> is learning
2016-02-28 16:08:51,066 - flow - INFO - response is 1
2016-02-28 16:08:51,066 - flow - INFO - buy 5 opened by <trader.Agent object at 0x1096a0390> in 10.
2016-02-28 16:08:51,067 - flow - INFO - <trader.Agent object at 0x1096a0410> in <trader.Scope object at 0x1096a03d0> is learning
2016-02-28 16:08:51,067 - flow - INFO - response is 1
2016-02-28 16:08:51,067 - flow - INFO - buy 5 opened by <trader.Agent object at 0x1096a0410> in 50.
2016-02-28 16:08:51,067 - flow - INFO - <trader.Agent object at 0x1096a0490> in <trader.Scope object at 0x1096a0450> is learning
2016-02-28 16:08:51,068 - flow - INFO - response is 1
2016-02-28 16:08:51,068 - flow - INFO - buy 5 opened by <trader.Agent object at 0x1096a0490> in 500.
2016-02-28 16:08:51,068 - flow - INFO - Quotes fetched
2016-02-28 16:08:51,068 - flow - INFO - Trade 3
2016-02-28 16:08:51,068 - flow - INFO - <trader.Agent object at 0x1096a0250> in <trader.Scope object at 0x1096a01d0> is learning
2016-02-28 16:08:51,069 - flow - INFO - response is 1
2016-02-28 16:08:51,069 - flow - INFO - <trader.Agent object at 0x1096a0210> in <trader.Scope object at 0x1096a0290> is learning
2016-02-28 16:08:51,070 - flow - INFO - response is 1
2016-02-28 16:08:51,070 - flow - INFO - <trader.Agent object at 0x1096a0310> in <trader.Scope object at 0x1096a02d0> is learning
2016-02-28 16:08:51,070 - flow - INFO - response is 1
2016-02-28 16:08:51,070 - flow - INFO - <trader.Agent object at 0x1096a0390> in <trader.Scope object at 0x1096a0350> is learning
2016-02-28 16:08:51,071 - flow - INFO - response is 1
2016-02-28 16:08:51,071 - flow - INFO - <trader.Agent object at 0x1096a0410> in <trader.Scope object at 0x1096a03d0> is learning
2016-02-28 16:08:51,071 - flow - INFO - response is 1
2016-02-28 16:08:51,071 - flow - INFO - <trader.Agent object at 0x1096a0490> in <trader.Scope object at 0x1096a0450> is learning
2016-02-28 16:08:51,072 - flow - INFO - response is 1
2016-02-28 16:08:51,072 - flow - INFO - Quotes fetched
2016-02-28 16:08:51,072 - flow - INFO - Trade 4
2016-02-28 16:08:51,072 - flow - INFO - <trader.Agent object at 0x1096a0250> in <trader.Scope object at 0x1096a01d0> is learning
2016-02-28 16:08:51,073 - flow - INFO - response is 1
2016-02-28 16:08:51,073 - flow - INFO - <trader.Agent object at 0x1096a0210> in <trader.Scope object at 0x1096a0290> is learning
2016-02-28 16:08:51,074 - flow - INFO - response is 1
2016-02-28 16:08:51,074 - flow - INFO - <trader.Agent object at 0x1096a0310> in <trader.Scope object at 0x1096a02d0> is learning
2016-02-28 16:08:51,075 - flow - INFO - response is 1
2016-02-28 16:08:51,075 - flow - INFO - <trader.Agent object at 0x1096a0390> in <trader.Scope object at 0x1096a0350> is learning
2016-02-28 16:08:51,076 - flow - INFO - response is 1
2016-02-28 16:08:51,076 - flow - INFO - <trader.Agent object at 0x1096a0410> in <trader.Scope object at 0x1096a03d0> is learning
2016-02-28 16:08:51,077 - flow - INFO - response is 1
2016-02-28 16:08:51,077 - flow - INFO - <trader.Agent object at 0x1096a0490> in <trader.Scope object at 0x1096a0450> is learning
2016-02-28 16:08:51,077 - flow - INFO - response is 1
